[debug] [2023-04-28T20:07:04.173Z] ----------------------------------------------------------------------
[debug] [2023-04-28T20:07:04.176Z] Command:       /usr/bin/node /usr/local/bin/firebase deploy --only hosting
[debug] [2023-04-28T20:07:04.177Z] CLI Version:   11.28.0
[debug] [2023-04-28T20:07:04.177Z] Platform:      linux
[debug] [2023-04-28T20:07:04.177Z] Node Version:  v16.20.0
[debug] [2023-04-28T20:07:04.179Z] Time:          Fri Apr 28 2023 17:07:04 GMT-0300 (hora estándar de Argentina)
[debug] [2023-04-28T20:07:04.180Z] ----------------------------------------------------------------------
[debug] 
[debug] [2023-04-28T20:07:04.202Z] >>> [apiv2][query] GET https://firebase-public.firebaseio.com/cli.json [none]
[debug] [2023-04-28T20:07:04.380Z] > command requires scopes: ["email","openid","https://www.googleapis.com/auth/cloudplatformprojects.readonly","https://www.googleapis.com/auth/firebase","https://www.googleapis.com/auth/cloud-platform"]
[debug] [2023-04-28T20:07:04.380Z] > authorizing via signed-in user (alejandro.bongioanni@gmail.com)
[debug] [2023-04-28T20:07:04.381Z] [iam] checking project precuela-5fc46 for permissions ["firebase.projects.get","firebasehosting.sites.update"]
[debug] [2023-04-28T20:07:04.381Z] > refreshing access token with scopes: []
[debug] [2023-04-28T20:07:04.382Z] >>> [apiv2][query] POST https://www.googleapis.com/oauth2/v3/token [none]
[debug] [2023-04-28T20:07:04.382Z] >>> [apiv2][body] POST https://www.googleapis.com/oauth2/v3/token [omitted]
[debug] [2023-04-28T20:07:04.682Z] <<< [apiv2][status] POST https://www.googleapis.com/oauth2/v3/token 400
[debug] [2023-04-28T20:07:04.682Z] <<< [apiv2][body] POST https://www.googleapis.com/oauth2/v3/token [omitted]
[debug] [2023-04-28T20:07:04.682Z] >>> [apiv2][query] POST https://cloudresourcemanager.googleapis.com/v1/projects/precuela-5fc46:testIamPermissions [none]
[debug] [2023-04-28T20:07:04.682Z] >>> [apiv2][(partial)header] POST https://cloudresourcemanager.googleapis.com/v1/projects/precuela-5fc46:testIamPermissions x-goog-quota-user=projects/precuela-5fc46
[debug] [2023-04-28T20:07:04.682Z] >>> [apiv2][body] POST https://cloudresourcemanager.googleapis.com/v1/projects/precuela-5fc46:testIamPermissions {"permissions":["firebase.projects.get","firebasehosting.sites.update"]}
[debug] [2023-04-28T20:07:04.786Z] <<< [apiv2][status] GET https://firebase-public.firebaseio.com/cli.json 200
[debug] [2023-04-28T20:07:04.786Z] <<< [apiv2][body] GET https://firebase-public.firebaseio.com/cli.json {"cloudBuildErrorAfter":1594252800000,"cloudBuildWarnAfter":1590019200000,"defaultNode10After":1594252800000,"minVersion":"3.0.5","node8DeploysDisabledAfter":1613390400000,"node8RuntimeDisabledAfter":1615809600000,"node8WarnAfter":1600128000000}
[debug] [2023-04-28T20:07:05.737Z] <<< [apiv2][status] POST https://cloudresourcemanager.googleapis.com/v1/projects/precuela-5fc46:testIamPermissions 401
[debug] [2023-04-28T20:07:05.737Z] <<< [apiv2][body] POST https://cloudresourcemanager.googleapis.com/v1/projects/precuela-5fc46:testIamPermissions {"error":{"code":401,"message":"Request had invalid authentication credentials. Expected OAuth 2 access token, login cookie or other valid authentication credential. See https://developers.google.com/identity/sign-in/web/devconsole-project.","status":"UNAUTHENTICATED","details":[{"@type":"type.googleapis.com/google.rpc.ErrorInfo","reason":"ACCESS_TOKEN_TYPE_UNSUPPORTED","metadata":{"method":"google.cloudresourcemanager.v1.Projects.TestIamPermissions","service":"cloudresourcemanager.googleapis.com"}}]}}
[debug] [2023-04-28T20:07:05.739Z] [iam] error while checking permissions, command may fail: FirebaseError: HTTP Error: 401, Request had invalid authentication credentials. Expected OAuth 2 access token, login cookie or other valid authentication credential. See https://developers.google.com/identity/sign-in/web/devconsole-project.
[debug] [2023-04-28T20:07:05.740Z] > refreshing access token with scopes: []
[debug] [2023-04-28T20:07:05.741Z] >>> [apiv2][query] POST https://www.googleapis.com/oauth2/v3/token [none]
[debug] [2023-04-28T20:07:05.741Z] >>> [apiv2][body] POST https://www.googleapis.com/oauth2/v3/token [omitted]
[debug] [2023-04-28T20:07:05.899Z] <<< [apiv2][status] POST https://www.googleapis.com/oauth2/v3/token 400
[debug] [2023-04-28T20:07:05.900Z] <<< [apiv2][body] POST https://www.googleapis.com/oauth2/v3/token [omitted]
[debug] [2023-04-28T20:07:05.901Z] >>> [apiv2][query] GET https://firebase.googleapis.com/v1beta1/projects/precuela-5fc46 [none]
[debug] [2023-04-28T20:07:06.041Z] <<< [apiv2][status] GET https://firebase.googleapis.com/v1beta1/projects/precuela-5fc46 401
[debug] [2023-04-28T20:07:06.042Z] <<< [apiv2][body] GET https://firebase.googleapis.com/v1beta1/projects/precuela-5fc46 {"error":{"code":401,"message":"Request had invalid authentication credentials. Expected OAuth 2 access token, login cookie or other valid authentication credential. See https://developers.google.com/identity/sign-in/web/devconsole-project.","status":"UNAUTHENTICATED"}}
[debug] [2023-04-28T20:07:06.042Z] HTTP Error: 401, Request had invalid authentication credentials. Expected OAuth 2 access token, login cookie or other valid authentication credential. See https://developers.google.com/identity/sign-in/web/devconsole-project.
[debug] [2023-04-28T20:07:06.191Z] FirebaseError: HTTP Error: 401, Request had invalid authentication credentials. Expected OAuth 2 access token, login cookie or other valid authentication credential. See https://developers.google.com/identity/sign-in/web/devconsole-project.
    at responseToError (/usr/local/lib/node_modules/firebase-tools/lib/responseToError.js:49:12)
    at RetryOperation._fn (/usr/local/lib/node_modules/firebase-tools/lib/apiv2.js:288:77)
    at processTicksAndRejections (node:internal/process/task_queues:96:5)
[error] 
[error] Error: Failed to get Firebase project precuela-5fc46. Please make sure the project exists and your account has permission to access it.
